# JRE version: Java(TM) SE Runtime Environment 18.9 (11.0.16+11) (build 11.0.16+11-LTS-199)
# Java VM: Java HotSpot(TM) 64-Bit Server VM 18.9 (11.0.16+11-LTS-199, mixed mode, tiered, compressed oops, g1 gc, windows-amd64)
Heap:
 garbage-first heap   total 262144K, used 140427K [0x00000000e0000000, 0x0000000100000000)
  region size 1024K, 132 young (135168K), 12 survivors (12288K)
 Metaspace       used 52194K, capacity 53822K, committed 53936K, reserved 1095680K
  class space    used 6221K, capacity 6863K, committed 6912K, reserved 1048576K
GC Heap History (10 events):
Event: 1.193 GC heap before
{Heap before GC invocations=2 (full 0):
 garbage-first heap   total 262144K, used 45272K [0x00000000e0000000, 0x0000000100000000)
  region size 1024K, 38 young (38912K), 1 survivors (1024K)
 Metaspace       used 20421K, capacity 21148K, committed 21296K, reserved 1069056K
  class space    used 2328K, capacity 2600K, committed 2688K, reserved 1048576K
}
Event: 1.196 GC heap after
{Heap after GC invocations=3 (full 0):
 garbage-first heap   total 262144K, used 9576K [0x00000000e0000000, 0x0000000100000000)
  region size 1024K, 2 young (2048K), 2 survivors (2048K)
 Metaspace       used 20421K, capacity 21148K, committed 21296K, reserved 1069056K
  class space    used 2328K, capacity 2600K, committed 2688K, reserved 1048576K
}
Event: 1.707 GC heap before
{Heap before GC invocations=4 (full 0):
 garbage-first heap   total 262144K, used 65896K [0x00000000e0000000, 0x0000000100000000)
  region size 1024K, 57 young (58368K), 2 survivors (2048K)
 Metaspace       used 28338K, capacity 29336K, committed 29616K, reserved 1075200K
  class space    used 3394K, capacity 3796K, committed 3840K, reserved 1048576K
}
Event: 1.710 GC heap after
{Heap after GC invocations=5 (full 0):
 garbage-first heap   total 262144K, used 11448K [0x00000000e0000000, 0x0000000100000000)
  region size 1024K, 4 young (4096K), 4 survivors (4096K)
 Metaspace       used 28338K, capacity 29336K, committed 29616K, reserved 1075200K
  class space    used 3394K, capacity 3796K, committed 3840K, reserved 1048576K
}
Event: 2.639 GC heap before
{Heap before GC invocations=5 (full 0):
 garbage-first heap   total 262144K, used 95416K [0x00000000e0000000, 0x0000000100000000)
  region size 1024K, 87 young (89088K), 4 survivors (4096K)
 Metaspace       used 34678K, capacity 35836K, committed 35888K, reserved 1081344K
  class space    used 4219K, capacity 4701K, committed 4736K, reserved 1048576K
}
Event: 2.643 GC heap after
{Heap after GC invocations=6 (full 0):
 garbage-first heap   total 262144K, used 14540K [0x00000000e0000000, 0x0000000100000000)
  region size 1024K, 7 young (7168K), 7 survivors (7168K)
 Metaspace       used 34678K, capacity 35836K, committed 35888K, reserved 1081344K
  class space    used 4219K, capacity 4701K, committed 4736K, reserved 1048576K
}
Event: 2.644 GC heap before
{Heap before GC invocations=6 (full 0):
 garbage-first heap   total 262144K, used 14540K [0x00000000e0000000, 0x0000000100000000)
  region size 1024K, 8 young (8192K), 7 survivors (7168K)
 Metaspace       used 34705K, capacity 35836K, committed 35888K, reserved 1081344K
  class space    used 4220K, capacity 4701K, committed 4736K, reserved 1048576K
}
Event: 2.649 GC heap after
{Heap after GC invocations=7 (full 0):
 garbage-first heap   total 262144K, used 14805K [0x00000000e0000000, 0x0000000100000000)
  region size 1024K, 7 young (7168K), 7 survivors (7168K)
 Metaspace       used 34705K, capacity 35836K, committed 35888K, reserved 1081344K
  class space    used 4220K, capacity 4701K, committed 4736K, reserved 1048576K
}
Event: 3.577 GC heap before
{Heap before GC invocations=8 (full 0):
 garbage-first heap   total 262144K, used 130517K [0x00000000e0000000, 0x0000000100000000)
  region size 1024K, 120 young (122880K), 7 survivors (7168K)
 Metaspace       used 47636K, capacity 49047K, committed 49200K, reserved 1091584K
  class space    used 5706K, capacity 6262K, committed 6272K, reserved 1048576K
}
Event: 3.585 GC heap after
{Heap after GC invocations=9 (full 0):
 garbage-first heap   total 262144K, used 19595K [0x00000000e0000000, 0x0000000100000000)
  region size 1024K, 12 young (12288K), 12 survivors (12288K)
 Metaspace       used 47636K, capacity 49047K, committed 49200K, reserved 1091584K
  class space    used 5706K, capacity 6262K, committed 6272K, reserved 1048576K
}

