# JRE version: Java(TM) SE Runtime Environment 18.9 (11.0.16+11) (build 11.0.16+11-LTS-199)
# Java VM: Java HotSpot(TM) 64-Bit Server VM 18.9 (11.0.16+11-LTS-199, mixed mode, tiered, compressed oops, g1 gc, windows-amd64)
Heap:
 garbage-first heap   total 315392K, used 25991K [0x0000000701000000, 0x0000000800000000)
  region size 1024K, 17 young (17408K), 17 survivors (17408K)
 Metaspace       used 54960K, capacity 56842K, committed 57008K, reserved 1099776K
  class space    used 6851K, capacity 7613K, committed 7680K, reserved 1048576K
GC Heap History (10 events):
Event: 0.991 GC heap after
{Heap after GC invocations=2 (full 0):
 garbage-first heap   total 262144K, used 7314K [0x0000000701000000, 0x0000000800000000)
  region size 1024K, 2 young (2048K), 2 survivors (2048K)
 Metaspace       used 18094K, capacity 18610K, committed 18688K, reserved 1064960K
  class space    used 2053K, capacity 2273K, committed 2304K, reserved 1048576K
}
Event: 1.126 GC heap before
{Heap before GC invocations=2 (full 0):
 garbage-first heap   total 262144K, used 24722K [0x0000000701000000, 0x0000000800000000)
  region size 1024K, 20 young (20480K), 2 survivors (2048K)
 Metaspace       used 20591K, capacity 21224K, committed 21296K, reserved 1069056K
  class space    used 2404K, capacity 2687K, committed 2688K, reserved 1048576K
}
Event: 1.128 GC heap after
{Heap after GC invocations=3 (full 0):
 garbage-first heap   total 262144K, used 8184K [0x0000000701000000, 0x0000000800000000)
  region size 1024K, 3 young (3072K), 3 survivors (3072K)
 Metaspace       used 20591K, capacity 21224K, committed 21296K, reserved 1069056K
  class space    used 2404K, capacity 2687K, committed 2688K, reserved 1048576K
}
Event: 1.521 GC heap before
{Heap before GC invocations=4 (full 0):
 garbage-first heap   total 262144K, used 56312K [0x0000000701000000, 0x0000000800000000)
  region size 1024K, 50 young (51200K), 3 survivors (3072K)
 Metaspace       used 25612K, capacity 26435K, committed 26672K, reserved 1073152K
  class space    used 3097K, capacity 3446K, committed 3456K, reserved 1048576K
}
Event: 1.525 GC heap after
{Heap after GC invocations=5 (full 0):
 garbage-first heap   total 262144K, used 10513K [0x0000000701000000, 0x0000000800000000)
  region size 1024K, 5 young (5120K), 5 survivors (5120K)
 Metaspace       used 25612K, capacity 26435K, committed 26672K, reserved 1073152K
  class space    used 3097K, capacity 3446K, committed 3456K, reserved 1048576K
}
Event: 2.416 GC heap before
{Heap before GC invocations=5 (full 0):
 garbage-first heap   total 262144K, used 106769K [0x0000000701000000, 0x0000000800000000)
  region size 1024K, 100 young (102400K), 5 survivors (5120K)
 Metaspace       used 34462K, capacity 35705K, committed 35888K, reserved 1081344K
  class space    used 4327K, capacity 4867K, committed 4992K, reserved 1048576K
}
Event: 2.423 GC heap after
{Heap after GC invocations=6 (full 0):
 garbage-first heap   total 262144K, used 15003K [0x0000000701000000, 0x0000000800000000)
  region size 1024K, 9 young (9216K), 9 survivors (9216K)
 Metaspace       used 34462K, capacity 35705K, committed 35888K, reserved 1081344K
  class space    used 4327K, capacity 4867K, committed 4992K, reserved 1048576K
}
Event: 3.299 GC heap before
{Heap before GC invocations=7 (full 0):
 garbage-first heap   total 262144K, used 162459K [0x0000000701000000, 0x0000000800000000)
  region size 1024K, 153 young (156672K), 9 survivors (9216K)
 Metaspace       used 43059K, capacity 44523K, committed 44848K, reserved 1087488K
  class space    used 5332K, capacity 5925K, committed 6016K, reserved 1048576K
}
Event: 3.306 GC heap after
{Heap after GC invocations=8 (full 0):
 garbage-first heap   total 262144K, used 19728K [0x0000000701000000, 0x0000000800000000)
  region size 1024K, 14 young (14336K), 14 survivors (14336K)
 Metaspace       used 43059K, capacity 44523K, committed 44848K, reserved 1087488K
  class space    used 5332K, capacity 5925K, committed 6016K, reserved 1048576K
}
Event: 48.528 GC heap before
{Heap before GC invocations=8 (full 0):
 garbage-first heap   total 262144K, used 161040K [0x0000000701000000, 0x0000000800000000)
  region size 1024K, 153 young (156672K), 14 survivors (14336K)
 Metaspace       used 54960K, capacity 56842K, committed 57008K, reserved 1099776K
  class space    used 6851K, capacity 7613K, committed 7680K, reserved 1048576K
}

