# JRE version: Java(TM) SE Runtime Environment 18.9 (11.0.16+11) (build 11.0.16+11-LTS-199)
# Java VM: Java HotSpot(TM) 64-Bit Server VM 18.9 (11.0.16+11-LTS-199, mixed mode, tiered, compressed oops, g1 gc, windows-amd64)
Heap:
 garbage-first heap   total 262144K, used 54210K [0x00000000e0000000, 0x0000000100000000)
  region size 1024K, 47 young (48128K), 12 survivors (12288K)
 Metaspace       used 49154K, capacity 50679K, committed 50992K, reserved 1093632K
  class space    used 5818K, capacity 6456K, committed 6528K, reserved 1048576K
GC Heap History (10 events):
Event: 2.548 GC heap before
{Heap before GC invocations=2 (full 0):
 garbage-first heap   total 262144K, used 38138K [0x00000000e0000000, 0x0000000100000000)
  region size 1024K, 31 young (31744K), 1 survivors (1024K)
 Metaspace       used 20417K, capacity 21148K, committed 21296K, reserved 1069056K
  class space    used 2329K, capacity 2600K, committed 2688K, reserved 1048576K
}
Event: 2.550 GC heap after
{Heap after GC invocations=3 (full 0):
 garbage-first heap   total 262144K, used 9384K [0x00000000e0000000, 0x0000000100000000)
  region size 1024K, 2 young (2048K), 2 survivors (2048K)
 Metaspace       used 20417K, capacity 21148K, committed 21296K, reserved 1069056K
  class space    used 2329K, capacity 2600K, committed 2688K, reserved 1048576K
}
Event: 3.024 GC heap before
{Heap before GC invocations=4 (full 0):
 garbage-first heap   total 262144K, used 60584K [0x00000000e0000000, 0x0000000100000000)
  region size 1024K, 52 young (53248K), 2 survivors (2048K)
 Metaspace       used 27602K, capacity 28625K, committed 28848K, reserved 1075200K
  class space    used 3324K, capacity 3730K, committed 3840K, reserved 1048576K
}
Event: 3.027 GC heap after
{Heap after GC invocations=5 (full 0):
 garbage-first heap   total 262144K, used 11180K [0x00000000e0000000, 0x0000000100000000)
  region size 1024K, 4 young (4096K), 4 survivors (4096K)
 Metaspace       used 27602K, capacity 28625K, committed 28848K, reserved 1075200K
  class space    used 3324K, capacity 3730K, committed 3840K, reserved 1048576K
}
Event: 3.797 GC heap before
{Heap before GC invocations=5 (full 0):
 garbage-first heap   total 262144K, used 93100K [0x00000000e0000000, 0x0000000100000000)
  region size 1024K, 84 young (86016K), 4 survivors (4096K)
 Metaspace       used 34022K, capacity 35212K, committed 35248K, reserved 1079296K
  class space    used 4127K, capacity 4602K, committed 4608K, reserved 1048576K
}
Event: 3.803 GC heap after
{Heap after GC invocations=6 (full 0):
 garbage-first heap   total 262144K, used 14040K [0x00000000e0000000, 0x0000000100000000)
  region size 1024K, 7 young (7168K), 7 survivors (7168K)
 Metaspace       used 34022K, capacity 35212K, committed 35248K, reserved 1079296K
  class space    used 4127K, capacity 4602K, committed 4608K, reserved 1048576K
}
Event: 3.886 GC heap before
{Heap before GC invocations=6 (full 0):
 garbage-first heap   total 262144K, used 21208K [0x00000000e0000000, 0x0000000100000000)
  region size 1024K, 15 young (15360K), 7 survivors (7168K)
 Metaspace       used 34699K, capacity 35836K, committed 35888K, reserved 1081344K
  class space    used 4221K, capacity 4701K, committed 4736K, reserved 1048576K
}
Event: 3.891 GC heap after
{Heap after GC invocations=7 (full 0):
 garbage-first heap   total 262144K, used 14578K [0x00000000e0000000, 0x0000000100000000)
  region size 1024K, 7 young (7168K), 7 survivors (7168K)
 Metaspace       used 34699K, capacity 35836K, committed 35888K, reserved 1081344K
  class space    used 4221K, capacity 4701K, committed 4736K, reserved 1048576K
}
Event: 4.908 GC heap before
{Heap before GC invocations=8 (full 0):
 garbage-first heap   total 262144K, used 145650K [0x00000000e0000000, 0x0000000100000000)
  region size 1024K, 135 young (138240K), 7 survivors (7168K)
 Metaspace       used 47858K, capacity 49309K, committed 49584K, reserved 1093632K
  class space    used 5714K, capacity 6327K, committed 6400K, reserved 1048576K
}
Event: 4.917 GC heap after
{Heap after GC invocations=9 (full 0):
 garbage-first heap   total 262144K, used 19394K [0x00000000e0000000, 0x0000000100000000)
  region size 1024K, 12 young (12288K), 12 survivors (12288K)
 Metaspace       used 47858K, capacity 49309K, committed 49584K, reserved 1093632K
  class space    used 5714K, capacity 6327K, committed 6400K, reserved 1048576K
}

